<?xml version="1.0" encoding="UTF-8"?>
<testsuite name="be.heh.petclinic.component.VetImplTest" tests="1" skipped="0" failures="0" errors="0" timestamp="2018-10-17T09:55:11" hostname="DESKTOP-8KD61NS" time="0.003">
  <properties/>
  <testcase name="test()" classname="be.heh.petclinic.component.VetImplTest" time="0.003"/>
  <system-out><![CDATA[]]></system-out>
  <system-err><![CDATA[]]></system-err>
</testsuite>
