<?xml version="1.0" encoding="UTF-8"?>
<testsuite name="be.heh.petclinic.domain.VisitTest" tests="1" skipped="0" failures="0" errors="0" timestamp="2018-11-18T13:56:16" hostname="DESKTOP-8KD61NS" time="0.001">
  <properties/>
  <testcase name="test()" classname="be.heh.petclinic.domain.VisitTest" time="0.001"/>
  <system-out><![CDATA[]]></system-out>
  <system-err><![CDATA[]]></system-err>
</testsuite>
